<?xml version="1.0" encoding="UTF-8"?><testrun name="TestRunner" project="cucumber_testAutomation" tests="1" started="1" failures="0" errors="2" ignored="0">
  <testsuite name="stepDefinitions.TestRunner" time="8.511">
    <testsuite name="Feature to test login functionality of tekExperience app #1" time="8.511">
      <testcase name="To login into tekExperience app with valid credentials" classname="Feature to test login functionality of tekExperience app #1" time="8.511">
        <error>java.lang.ArrayIndexOutOfBoundsException: Index 1 out of bounds for length 1&#13;
	at utility.BaseClass.switchWindowOrTab(BaseClass.java:57)&#13;
	at stepDefinitions.Login.click_on_login_button(Login.java:59)&#13;
	at âœ½.click on login button(file:///D:/tek_workspace/cucumber_testAutomation/src/test/resources/features/login.feature:8)&#13;
&#13;
org.openqa.selenium.NoSuchSessionException: Session ID is null. Using WebDriver after calling quit()?
Build info: version: '4.1.1', revision: 'e8fcc2cecf'
System info: host: 'HSC-PG02KEL7', ip: '192.168.0.107', os.name: 'Windows 10', os.arch: 'amd64', os.version: '10.0', java.version: '18.0.1'
Driver info: org.openqa.selenium.chrome.ChromeDriver
Command: [null, screenshot {}]
Capabilities {acceptInsecureCerts: false, browserName: chrome, browserVersion: 103.0.5060.66, chrome: {chromedriverVersion: 103.0.5060.53 (a1711811edd7..., userDataDir: C:\Users\musara\AppData\Loc...}, goog:chromeOptions: {debuggerAddress: localhost:63760}, javascriptEnabled: true, networkConnectionEnabled: false, pageLoadStrategy: normal, platform: WINDOWS, platformName: WINDOWS, proxy: Proxy(), se:cdp: ws://localhost:63760/devtoo..., se:cdpVersion: 103.0.5060.66, setWindowRect: true, strictFileInteractability: false, timeouts: {implicit: 0, pageLoad: 300000, script: 30000}, unhandledPromptBehavior: dismiss and notify, webauthn:extension:credBlob: true, webauthn:extension:largeBlob: true, webauthn:virtualAuthenticators: true}&#13;
	at org.openqa.selenium.remote.HttpCommandExecutor.execute(HttpCommandExecutor.java:145)&#13;
	at org.openqa.selenium.remote.service.DriverCommandExecutor.invokeExecute(DriverCommandExecutor.java:167)&#13;
	at org.openqa.selenium.remote.service.DriverCommandExecutor.execute(DriverCommandExecutor.java:142)&#13;
	at org.openqa.selenium.remote.RemoteWebDriver.execute(RemoteWebDriver.java:543)&#13;
	at org.openqa.selenium.remote.RemoteWebDriver.execute(RemoteWebDriver.java:598)&#13;
	at org.openqa.selenium.remote.RemoteWebDriver.execute(RemoteWebDriver.java:602)&#13;
	at org.openqa.selenium.remote.RemoteWebDriver.getScreenshotAs(RemoteWebDriver.java:333)&#13;
	at stepDefinitions.Hook.takesScreenshot(Hook.java:18)&#13;
&#13;
</error>
      </testcase>
    </testsuite>
  </testsuite>
</testrun>
